{
  "summary": {
    "total_categories": 6,
    "passed_categories": 1,
    "total_duration": 292.918918132782,
    "timestamp": 1750908777.3080282
  },
  "detailed_results": {
    "unit": {
      "status": "failed",
      "exit_code": 2,
      "duration": 4.896152973175049,
      "stdout": "============================= test session starts ==============================\nplatform linux -- Python 3.10.4, pytest-8.4.1, pluggy-1.6.0\nrootdir: /home/zack/ZackGPT\nconfigfile: pyproject.toml\nplugins: anyio-4.9.0, cov-6.2.1, asyncio-1.0.0\nasyncio: mode=auto, asyncio_default_fixture_loop_scope=None, asyncio_default_test_loop_scope=function\ncollected 157 items / 4 errors\n\n==================================== ERRORS ====================================\n___________ ERROR collecting tests/unit/test_memory_graph_logging.py ___________\nImportError while importing test module '/home/zack/ZackGPT/tests/unit/test_memory_graph_logging.py'.\nHint: make sure your test modules/packages have valid Python names.\nTraceback:\n/usr/lib/python3.10/importlib/__init__.py:126: in import_module\n    return _bootstrap._gcd_import(name[level:], package, level)\ntests/unit/test_memory_graph_logging.py:13: in <module>\n    from src.zackgpt.core.logger import (\nE   ModuleNotFoundError: No module named 'src.zackgpt.core.logger'\n_______________ ERROR collecting tests/unit/test_performance.py ________________\nImportError while importing test module '/home/zack/ZackGPT/tests/unit/test_performance.py'.\nHint: make sure your test modules/packages have valid Python names.\nTraceback:\n/usr/lib/python3.10/importlib/__init__.py:126: in import_module\n    return _bootstrap._gcd_import(name[level:], package, level)\ntests/unit/test_performance.py:4: in <module>\n    from src.zackgpt.core.logger import log_performance, PerformanceMetrics\nE   ModuleNotFoundError: No module named 'src.zackgpt.core.logger'\n__________________ ERROR collecting tests/unit/test_logger.py __________________\nImportError while importing test module '/home/zack/ZackGPT/tests/unit/test_logger.py'.\nHint: make sure your test modules/packages have valid Python names.\nTraceback:\n/usr/lib/python3.10/importlib/__init__.py:126: in import_module\n    return _bootstrap._gcd_import(name[level:], package, level)\ntests/unit/test_logger.py:8: in <module>\n    from src.zackgpt.core.logger import (\nE   ModuleNotFoundError: No module named 'src.zackgpt.core.logger'\n__________ ERROR collecting tests/unit/core/test_database_advanced.py __________\nImportError while importing test module '/home/zack/ZackGPT/tests/unit/core/test_database_advanced.py'.\nHint: make sure your test modules/packages have valid Python names.\nTraceback:\n/usr/lib/python3.10/importlib/__init__.py:126: in import_module\n    return _bootstrap._gcd_import(name[level:], package, level)\ntests/unit/core/test_database_advanced.py:22: in <module>\n    from src.zackgpt.core.logger import debug_log\nE   ModuleNotFoundError: No module named 'src.zackgpt.core.logger'\n=============================== warnings summary ===============================\nsrc/zackgpt/web/web_api.py:744\n  /home/zack/ZackGPT/src/zackgpt/web/web_api.py:744: DeprecationWarning: \n          on_event is deprecated, use lifespan event handlers instead.\n  \n          Read more about it in the\n          [FastAPI docs for Lifespan Events](https://fastapi.tiangolo.com/advanced/events/).\n          \n    @app.on_event(\"startup\")\n\n../.local/lib/python3.10/site-packages/fastapi/applications.py:4495\n../.local/lib/python3.10/site-packages/fastapi/applications.py:4495\n  /home/zack/.local/lib/python3.10/site-packages/fastapi/applications.py:4495: DeprecationWarning: \n          on_event is deprecated, use lifespan event handlers instead.\n  \n          Read more about it in the\n          [FastAPI docs for Lifespan Events](https://fastapi.tiangolo.com/advanced/events/).\n          \n    return self.router.on_event(event_type)\n\nsrc/zackgpt/web/web_api.py:769\n  /home/zack/ZackGPT/src/zackgpt/web/web_api.py:769: DeprecationWarning: \n          on_event is deprecated, use lifespan event handlers instead.\n  \n          Read more about it in the\n          [FastAPI docs for Lifespan Events](https://fastapi.tiangolo.com/advanced/events/).\n          \n    @app.on_event(\"shutdown\")\n\n-- Docs: https://docs.pytest.org/en/stable/how-to/capture-warnings.html\n=========================== short test summary info ============================\nERROR tests/unit/test_memory_graph_logging.py\nERROR tests/unit/test_performance.py\nERROR tests/unit/test_logger.py\nERROR tests/unit/core/test_database_advanced.py\n!!!!!!!!!!!!!!!!!!! Interrupted: 4 errors during collection !!!!!!!!!!!!!!!!!!!!\n======================== 4 warnings, 4 errors in 3.39s =========================\n",
      "stderr": ""
    },
    "integration": {
      "status": "failed",
      "exit_code": 1,
      "duration": 278.3247480392456,
      "stdout": "============================= test session starts ==============================\nplatform linux -- Python 3.10.4, pytest-8.4.1, pluggy-1.6.0\nrootdir: /home/zack/ZackGPT\nconfigfile: pyproject.toml\nplugins: anyio-4.9.0, cov-6.2.1, asyncio-1.0.0\nasyncio: mode=auto, asyncio_default_fixture_loop_scope=None, asyncio_default_test_loop_scope=function\ncollected 12 items\n\ntests/integration/test_intelligence_integration.py ..EEE.                [ 50%]\ntests/integration/e2e/test_full_workflow.py ....F.                       [100%]\n\n==================================== ERRORS ====================================\n____________ ERROR at setup of test_persistent_context_integration _____________\nfile /home/zack/ZackGPT/tests/integration/test_intelligence_integration.py, line 104\n  def test_persistent_context_integration(components):\nE       fixture 'components' not found\n>       available fixtures: _class_event_loop, _function_event_loop, _module_event_loop, _package_event_loop, _session_event_loop, anyio_backend, anyio_backend_name, anyio_backend_options, backend_health_check, backend_url, cache, capfd, capfdbinary, caplog, capsys, capsysbinary, capteesys, clean_database, cleanup_test_data, cov, doctest_namespace, event_loop, event_loop_policy, free_tcp_port, free_tcp_port_factory, free_udp_port, free_udp_port_factory, mock_openai_response, monkeypatch, no_cover, pytestconfig, record_property, record_testsuite_property, record_xml_attribute, recwarn, sample_message_data, sample_thread_data, setup_test_environment, test_server, tmp_path, tmp_path_factory, tmpdir, tmpdir_factory, unused_tcp_port, unused_tcp_port_factory, unused_udp_port, unused_udp_port_factory, websocket_test_client\n>       use 'pytest --fixtures [testpath]' for help on them.\n\n/home/zack/ZackGPT/tests/integration/test_intelligence_integration.py:104\n___________ ERROR at setup of test_memory_intelligence_optimization ____________\nfile /home/zack/ZackGPT/tests/integration/test_intelligence_integration.py, line 209\n  def test_memory_intelligence_optimization(components):\nE       fixture 'components' not found\n>       available fixtures: _class_event_loop, _function_event_loop, _module_event_loop, _package_event_loop, _session_event_loop, anyio_backend, anyio_backend_name, anyio_backend_options, backend_health_check, backend_url, cache, capfd, capfdbinary, caplog, capsys, capsysbinary, capteesys, clean_database, cleanup_test_data, cov, doctest_namespace, event_loop, event_loop_policy, free_tcp_port, free_tcp_port_factory, free_udp_port, free_udp_port_factory, mock_openai_response, monkeypatch, no_cover, pytestconfig, record_property, record_testsuite_property, record_xml_attribute, recwarn, sample_message_data, sample_thread_data, setup_test_environment, test_server, tmp_path, tmp_path_factory, tmpdir, tmpdir_factory, unused_tcp_port, unused_tcp_port_factory, unused_udp_port, unused_udp_port_factory, websocket_test_client\n>       use 'pytest --fixtures [testpath]' for help on them.\n\n/home/zack/ZackGPT/tests/integration/test_intelligence_integration.py:209\n__________________ ERROR at setup of test_real_world_scenario __________________\nfile /home/zack/ZackGPT/tests/integration/test_intelligence_integration.py, line 278\n  def test_real_world_scenario(components):\nE       fixture 'components' not found\n>       available fixtures: _class_event_loop, _function_event_loop, _module_event_loop, _package_event_loop, _session_event_loop, anyio_backend, anyio_backend_name, anyio_backend_options, backend_health_check, backend_url, cache, capfd, capfdbinary, caplog, capsys, capsysbinary, capteesys, clean_database, cleanup_test_data, cov, doctest_namespace, event_loop, event_loop_policy, free_tcp_port, free_tcp_port_factory, free_udp_port, free_udp_port_factory, mock_openai_response, monkeypatch, no_cover, pytestconfig, record_property, record_testsuite_property, record_xml_attribute, recwarn, sample_message_data, sample_thread_data, setup_test_environment, test_server, tmp_path, tmp_path_factory, tmpdir, tmpdir_factory, unused_tcp_port, unused_tcp_port_factory, unused_udp_port, unused_udp_port_factory, websocket_test_client\n>       use 'pytest --fixtures [testpath]' for help on them.\n\n/home/zack/ZackGPT/tests/integration/test_intelligence_integration.py:278\n=================================== FAILURES ===================================\n________ TestPerformanceIntegration.test_large_conversation_performance ________\n\nself = <test_full_workflow.TestPerformanceIntegration object at 0x7f432e189450>\nbackend_url = 'http://127.0.0.1:8000', backend_health_check = True\n\n    @pytest.mark.integration\n    @pytest.mark.performance\n    @pytest.mark.slow\n    def test_large_conversation_performance(self, backend_url, backend_health_check):\n        \"\"\"Test performance with large conversations.\"\"\"\n    \n        # Create a thread\n        thread_data = {\"title\": \"Large Conversation Performance Test\"}\n        response = requests.post(\n            f\"{backend_url}/threads\",\n            headers={\"Content-Type\": \"application/json\"},\n            json=thread_data,\n            timeout=10\n        )\n    \n        assert response.status_code == 200\n        thread = response.json()\n        thread_id = thread['id']\n    \n        try:\n            # Add many messages\n            start_time = time.time()\n            message_count = 50  # Reasonable number for testing\n    \n            for i in range(message_count):\n                message_data = {\n                    \"content\": f\"Performance test message {i+1}. \" + \"Lorem ipsum \" * 10,\n                    \"thread_id\": thread_id,\n                    \"force_web_search\": False\n                }\n    \n                response = requests.post(\n                    f\"{backend_url}/threads/{thread_id}/messages\",\n                    headers={\"Content-Type\": \"application/json\"},\n                    json=message_data,\n                    timeout=15\n                )\n    \n                assert response.status_code == 200\n    \n                if (i + 1) % 10 == 0:\n                    print(f\"  Added {i+1}/{message_count} messages\")\n    \n            elapsed = time.time() - start_time\n    \n            # Test message retrieval performance\n            retrieval_start = time.time()\n            response = requests.get(f\"{backend_url}/threads/{thread_id}/messages\", timeout=30)\n            retrieval_elapsed = time.time() - retrieval_start\n    \n            assert response.status_code == 200\n            messages = response.json()\n>           assert len(messages) == message_count\nE           AssertionError: assert 100 == 50\nE            +  where 100 = len([{'content': 'Performance test message 1. Lorem ipsum Lorem ipsum Lorem ipsum Lorem ipsum Lorem ipsum Lorem ipsum Lore...7429-b4a4-4a5c-b42b-3dd2f8318d6b', 'role': 'assistant', 'thread_id': 'cee0e8ef-c016-4923-b3ea-47f4d7579432', ...}, ...])\n\ntests/integration/e2e/test_full_workflow.py:224: AssertionError\n----------------------------- Captured stdout call -----------------------------\n  Added 10/50 messages\n  Added 20/50 messages\n  Added 30/50 messages\n  Added 40/50 messages\n  Added 50/50 messages\n=============================== warnings summary ===============================\ntests/integration/test_intelligence_integration.py::test_imports_and_initialization\n  /home/zack/.local/lib/python3.10/site-packages/_pytest/python.py:161: PytestReturnNotNoneWarning: Test functions should return None, but tests/integration/test_intelligence_integration.py::test_imports_and_initialization returned <class 'dict'>.\n  Did you mean to use `assert` instead of `return`?\n  See https://docs.pytest.org/en/stable/how-to/assert.html#return-not-none for more information.\n    warnings.warn(\n\ntests/integration/test_intelligence_integration.py::test_application_startup\n  /home/zack/.local/lib/python3.10/site-packages/_pytest/python.py:161: PytestReturnNotNoneWarning: Test functions should return None, but tests/integration/test_intelligence_integration.py::test_application_startup returned <class 'bool'>.\n  Did you mean to use `assert` instead of `return`?\n  See https://docs.pytest.org/en/stable/how-to/assert.html#return-not-none for more information.\n    warnings.warn(\n\n-- Docs: https://docs.pytest.org/en/stable/how-to/capture-warnings.html\n================================ tests coverage ================================\n_______________ coverage: platform linux, python 3.10.4-final-0 ________________\n\nName                                         Stmts   Miss  Cover   Missing\n--------------------------------------------------------------------------\nsrc/zackgpt/__init__.py                          5      0   100%\nsrc/zackgpt/_version.py                         13     13     0%   4-21\nsrc/zackgpt/archive/__init__.py                  1      0   100%\nsrc/zackgpt/archive/action_router.py            31     31     0%   1-45\nsrc/zackgpt/archive/context_engine.py           10     10     0%   1-32\nsrc/zackgpt/archive/local_llm.py                 6      6     0%   1-19\nsrc/zackgpt/archive/prompt_utils.py             20     13    35%   21-28, 34-38\nsrc/zackgpt/cli/__init__.py                      0      0   100%\nsrc/zackgpt/cli/chat.py                         51     51     0%   7-112\nsrc/zackgpt/cli/dev.py                         291    291     0%   7-388\nsrc/zackgpt/cli/output.py                       74     74     0%   6-116\nsrc/zackgpt/cli/voice.py                        92     92     0%   7-122\nsrc/zackgpt/core/__init__.py                    23     10    57%   17-21, 26-30\nsrc/zackgpt/core/core_assistant.py             395    353    11%   18-21, 25-26, 30-44, 48, 52-66, 70, 75-85, 90-92, 97-100, 106-260, 264-273, 277-292, 296-309, 313-363, 367-385, 389-407, 411-418, 422-444, 454, 460-470, 474-479, 482-516, 520-568, 572-656, 663-760, 766-796, 803-858\nsrc/zackgpt/core/intelligence_amplifier.py     339    279    18%   23-26, 55-56, 69-103, 107-167, 171-195, 199-231, 235-252, 257-305, 320-376, 382-397, 402-432, 447-544, 549-578, 584-616, 620-641, 654-702\nsrc/zackgpt/core/memory_retrieval.py           332    332     0%   12-639\nsrc/zackgpt/core/prompt_builder.py             339    253    25%   48-73, 130-132, 146-166, 174-183, 191-209, 218-247, 258-277, 286-393, 399-408, 413-517, 524-533, 537-540, 546-569, 574, 581-715, 719-728, 732-744, 748-773, 780, 805-806, 822-840, 845, 855-874\nsrc/zackgpt/core/prompt_enhancer.py            174    125    28%   9-19, 61-137, 148-150, 155-219, 223-266, 276-282, 286-314, 343-392, 397-412, 416\nsrc/zackgpt/core/query_utils.py                 62     40    35%   18, 28, 34-35, 38-39, 48-50, 58-60, 64-71, 75-93, 102-118\nsrc/zackgpt/core/simple_config_api.py          111    111     0%   7-225\nsrc/zackgpt/data/__init__.py                    20      8    60%   14-17, 22-25\nsrc/zackgpt/data/database.py                   272    198    27%   21, 66-74, 80-81, 100-101, 106, 111-118, 122-131, 138-174, 179-222, 226-234, 238-265, 269-283, 287-323, 329-351, 355-371, 375-390, 394-416, 420-428, 434-464, 468-483, 487-489\nsrc/zackgpt/data/memory_manager.py              42     34    19%   12-17, 21-34, 40-50, 59-83, 87-97\nsrc/zackgpt/data/simple_database.py            181    157    13%   17-26, 30-33, 37-41, 45-51, 58-83, 87-91, 95-102, 106-118, 122-132, 137-161, 167-188, 192-196, 200-222, 226-238, 242-251, 257-288, 292-301\nsrc/zackgpt/data/thread_manager.py             225    195    13%   21-30, 34-40, 44-59, 63-76, 80, 84-95, 99-110, 114-126, 135-140, 145-155, 159-207, 211-216, 220-227, 231, 235, 239-260, 264-294, 298-308, 320-338, 342-374, 385-433, 437-445, 449-473\nsrc/zackgpt/tools/__init__.py                    3      0   100%\nsrc/zackgpt/tools/perplexity_search.py          32     21    34%   21-78, 85\nsrc/zackgpt/tools/web_search.py                119     93    22%   47-78, 82-111, 115-141, 148-184, 188-194, 207-233, 246-257, 275-280, 293-297\nsrc/zackgpt/utils/__init__.py                    1      0   100%\nsrc/zackgpt/utils/logger.py                    225    136    40%   38-40, 67-76, 80-94, 101-111, 117-123, 127-150, 154-179, 183-201, 205-222, 231, 239, 242, 246, 259, 267, 276, 280-292, 297, 301, 305-310, 315, 319, 323-324, 328, 338, 350, 363-364, 368-384, 388-408, 413-414\nsrc/zackgpt/voice/__init__.py                    0      0   100%\nsrc/zackgpt/voice/elevenlabs.py                 23     23     0%   1-36\nsrc/zackgpt/voice/tts_mac.py                    15     15     0%   1-20\nsrc/zackgpt/voice/whisper_listener.py          118    118     0%   1-156\nsrc/zackgpt/web/__init__.py                      1      1     0%   6\nsrc/zackgpt/web/memory_graph_api.py             99     99     0%   6-329\nsrc/zackgpt/web/web_api.py                     383    383     0%   7-805\n--------------------------------------------------------------------------\nTOTAL                                         4128   3565    14%\nCoverage HTML written to dir tests/results/coverage_integration\n=========================== short test summary info ============================\nERROR tests/integration/test_intelligence_integration.py::test_persistent_context_integration\nERROR tests/integration/test_intelligence_integration.py::test_memory_intelligence_optimization\nERROR tests/integration/test_intelligence_integration.py::test_real_world_scenario\nFAILED tests/integration/e2e/test_full_workflow.py::TestPerformanceIntegration::test_large_conversation_performance\n======== 1 failed, 8 passed, 2 warnings, 3 errors in 276.69s (0:04:36) =========\n",
      "stderr": ""
    },
    "performance": {
      "status": "failed",
      "exit_code": 5,
      "duration": 4.71841287612915,
      "stdout": "============================= test session starts ==============================\nplatform linux -- Python 3.10.4, pytest-8.4.1, pluggy-1.6.0\nrootdir: /home/zack/ZackGPT\nconfigfile: pyproject.toml\nplugins: anyio-4.9.0, cov-6.2.1, asyncio-1.0.0\nasyncio: mode=auto, asyncio_default_fixture_loop_scope=None, asyncio_default_test_loop_scope=function\ncollected 0 items\n\n================================ tests coverage ================================\n_______________ coverage: platform linux, python 3.10.4-final-0 ________________\n\nName                                         Stmts   Miss  Cover   Missing\n--------------------------------------------------------------------------\nsrc/zackgpt/__init__.py                          5      0   100%\nsrc/zackgpt/_version.py                         13     13     0%   4-21\nsrc/zackgpt/archive/__init__.py                  1      1     0%   13\nsrc/zackgpt/archive/action_router.py            31     31     0%   1-45\nsrc/zackgpt/archive/context_engine.py           10     10     0%   1-32\nsrc/zackgpt/archive/local_llm.py                 6      6     0%   1-19\nsrc/zackgpt/archive/prompt_utils.py             20     20     0%   1-38\nsrc/zackgpt/cli/__init__.py                      0      0   100%\nsrc/zackgpt/cli/chat.py                         51     51     0%   7-112\nsrc/zackgpt/cli/dev.py                         291    291     0%   7-388\nsrc/zackgpt/cli/output.py                       74     74     0%   6-116\nsrc/zackgpt/cli/voice.py                        92     92     0%   7-122\nsrc/zackgpt/core/__init__.py                    23     10    57%   17-21, 26-30\nsrc/zackgpt/core/core_assistant.py             395    353    11%   18-21, 25-26, 30-44, 48, 52-66, 70, 75-85, 90-92, 97-100, 106-260, 264-273, 277-292, 296-309, 313-363, 367-385, 389-407, 411-418, 422-444, 454, 460-470, 474-479, 482-516, 520-568, 572-656, 663-760, 766-796, 803-858\nsrc/zackgpt/core/intelligence_amplifier.py     339    339     0%   12-702\nsrc/zackgpt/core/memory_retrieval.py           332    332     0%   12-639\nsrc/zackgpt/core/prompt_builder.py             339    339     0%   1-879\nsrc/zackgpt/core/prompt_enhancer.py            174    174     0%   1-416\nsrc/zackgpt/core/query_utils.py                 62     62     0%   3-118\nsrc/zackgpt/core/simple_config_api.py          111    111     0%   7-225\nsrc/zackgpt/data/__init__.py                    20      8    60%   14-17, 22-25\nsrc/zackgpt/data/database.py                   272    231    15%   21, 33-46, 50-74, 79-101, 106, 111-118, 122-131, 138-174, 179-222, 226-234, 238-265, 269-283, 287-323, 329-351, 355-371, 375-390, 394-416, 420-428, 434-464, 468-483, 487-489, 497-499\nsrc/zackgpt/data/memory_manager.py              42     34    19%   12-17, 21-34, 40-50, 59-83, 87-97\nsrc/zackgpt/data/simple_database.py            181    157    13%   17-26, 30-33, 37-41, 45-51, 58-83, 87-91, 95-102, 106-118, 122-132, 137-161, 167-188, 192-196, 200-222, 226-238, 242-251, 257-288, 292-301\nsrc/zackgpt/data/thread_manager.py             225    196    13%   17, 21-30, 34-40, 44-59, 63-76, 80, 84-95, 99-110, 114-126, 135-140, 145-155, 159-207, 211-216, 220-227, 231, 235, 239-260, 264-294, 298-308, 320-338, 342-374, 385-433, 437-445, 449-473\nsrc/zackgpt/tools/__init__.py                    3      0   100%\nsrc/zackgpt/tools/perplexity_search.py          32     21    34%   21-78, 85\nsrc/zackgpt/tools/web_search.py                119     93    22%   47-78, 82-111, 115-141, 148-184, 188-194, 207-233, 246-257, 275-280, 293-297\nsrc/zackgpt/utils/__init__.py                    1      0   100%\nsrc/zackgpt/utils/logger.py                    225    162    28%   38-40, 67-76, 80-94, 101-111, 117-123, 127-150, 154-179, 183-201, 205-222, 230-232, 236-247, 258-276, 280-292, 296-301, 305-310, 314-319, 323-324, 328, 338, 350, 363-364, 368-384, 388-408, 413-414\nsrc/zackgpt/voice/__init__.py                    0      0   100%\nsrc/zackgpt/voice/elevenlabs.py                 23     23     0%   1-36\nsrc/zackgpt/voice/tts_mac.py                    15     15     0%   1-20\nsrc/zackgpt/voice/whisper_listener.py          118    118     0%   1-156\nsrc/zackgpt/web/__init__.py                      1      1     0%   6\nsrc/zackgpt/web/memory_graph_api.py             99     99     0%   6-329\nsrc/zackgpt/web/web_api.py                     383    383     0%   7-805\n--------------------------------------------------------------------------\nTOTAL                                         4128   3850     7%\nCoverage HTML written to dir tests/results/coverage_performance\n============================ no tests ran in 3.71s =============================\n",
      "stderr": ""
    },
    "e2e": {
      "status": "skipped",
      "count": 0,
      "duration": 0
    },
    "frontend": {
      "status": "passed",
      "exit_code": 0,
      "duration": 4.979604244232178,
      "stdout": "============================= test session starts ==============================\nplatform linux -- Python 3.10.4, pytest-8.4.1, pluggy-1.6.0\nrootdir: /home/zack/ZackGPT\nconfigfile: pyproject.toml\nplugins: anyio-4.9.0, cov-6.2.1, asyncio-1.0.0\nasyncio: mode=auto, asyncio_default_fixture_loop_scope=None, asyncio_default_test_loop_scope=function\ncollected 14 items\n\ntests/frontend/components/test_chat_advanced.py ..............           [100%]\n\n================================ tests coverage ================================\n_______________ coverage: platform linux, python 3.10.4-final-0 ________________\n\nName                                         Stmts   Miss  Cover   Missing\n--------------------------------------------------------------------------\nsrc/zackgpt/__init__.py                          5      5     0%   6-13\nsrc/zackgpt/_version.py                         13     13     0%   4-21\nsrc/zackgpt/archive/__init__.py                  1      1     0%   13\nsrc/zackgpt/archive/action_router.py            31     31     0%   1-45\nsrc/zackgpt/archive/context_engine.py           10     10     0%   1-32\nsrc/zackgpt/archive/local_llm.py                 6      6     0%   1-19\nsrc/zackgpt/archive/prompt_utils.py             20     20     0%   1-38\nsrc/zackgpt/cli/__init__.py                      0      0   100%\nsrc/zackgpt/cli/chat.py                         51     51     0%   7-112\nsrc/zackgpt/cli/dev.py                         291    291     0%   7-388\nsrc/zackgpt/cli/output.py                       74     74     0%   6-116\nsrc/zackgpt/cli/voice.py                        92     92     0%   7-122\nsrc/zackgpt/core/__init__.py                    23     23     0%   6-49\nsrc/zackgpt/core/core_assistant.py             395    395     0%   1-858\nsrc/zackgpt/core/intelligence_amplifier.py     339    339     0%   12-702\nsrc/zackgpt/core/memory_retrieval.py           332    332     0%   12-639\nsrc/zackgpt/core/prompt_builder.py             339    339     0%   1-879\nsrc/zackgpt/core/prompt_enhancer.py            174    174     0%   1-416\nsrc/zackgpt/core/query_utils.py                 62     62     0%   3-118\nsrc/zackgpt/core/simple_config_api.py          111    111     0%   7-225\nsrc/zackgpt/data/__init__.py                    20     20     0%   8-32\nsrc/zackgpt/data/database.py                   272    272     0%   8-499\nsrc/zackgpt/data/memory_manager.py              42     42     0%   5-97\nsrc/zackgpt/data/simple_database.py            181    181     0%   6-301\nsrc/zackgpt/data/thread_manager.py             225    225     0%   8-473\nsrc/zackgpt/tools/__init__.py                    3      3     0%   6-9\nsrc/zackgpt/tools/perplexity_search.py          32     32     0%   7-85\nsrc/zackgpt/tools/web_search.py                119    119     0%   6-297\nsrc/zackgpt/utils/__init__.py                    1      1     0%   6\nsrc/zackgpt/utils/logger.py                    225    225     0%   1-414\nsrc/zackgpt/voice/__init__.py                    0      0   100%\nsrc/zackgpt/voice/elevenlabs.py                 23     23     0%   1-36\nsrc/zackgpt/voice/tts_mac.py                    15     15     0%   1-20\nsrc/zackgpt/voice/whisper_listener.py          118    118     0%   1-156\nsrc/zackgpt/web/__init__.py                      1      1     0%   6\nsrc/zackgpt/web/memory_graph_api.py             99     99     0%   6-329\nsrc/zackgpt/web/web_api.py                     383    383     0%   7-805\n--------------------------------------------------------------------------\nTOTAL                                         4128   4128     0%\nCoverage HTML written to dir tests/results/coverage_frontend\n============================== 14 passed in 4.62s ==============================\n",
      "stderr": "/home/zack/.local/lib/python3.10/site-packages/coverage/control.py:915: CoverageWarning: No data was collected. (no-data-collected)\n  self._warn(\"No data was collected.\", slug=\"no-data-collected\")\n"
    },
    "manual": {
      "status": "manual",
      "count": 1
    }
  }
}